0 info it worked if it ends with ok
1 verbose cli [ '/usr/bin/node', '/usr/bin/npm', 'install', '-g', 'hotnode' ]
2 info using npm@1.4.28
3 info using node@v0.10.37
4 verbose node symlink /usr/bin/node
5 verbose cache add [ 'hotnode', null ]
6 verbose cache add name=undefined spec="hotnode" args=["hotnode",null]
7 verbose parsed url { protocol: null,
7 verbose parsed url   slashes: null,
7 verbose parsed url   auth: null,
7 verbose parsed url   host: null,
7 verbose parsed url   port: null,
7 verbose parsed url   hostname: null,
7 verbose parsed url   hash: null,
7 verbose parsed url   search: null,
7 verbose parsed url   query: null,
7 verbose parsed url   pathname: 'hotnode',
7 verbose parsed url   path: 'hotnode',
7 verbose parsed url   href: 'hotnode' }
8 silly lockFile 15ffed55-hotnode hotnode
9 verbose lock hotnode /home/ayush/.npm/15ffed55-hotnode.lock
10 silly lockFile 15ffed55-hotnode hotnode
11 silly lockFile 15ffed55-hotnode hotnode
12 verbose addNamed [ 'hotnode', '' ]
13 verbose addNamed [ null, '*' ]
14 silly lockFile a54aeaa5-hotnode hotnode@
15 verbose lock hotnode@ /home/ayush/.npm/a54aeaa5-hotnode.lock
16 silly addNameRange { name: 'hotnode', range: '*', hasData: false }
17 verbose request where is /hotnode
18 verbose request registry https://registry.npmjs.org/
19 verbose request id d557a9a552c582d0
20 verbose url raw /hotnode
21 verbose url resolving [ 'https://registry.npmjs.org/', './hotnode' ]
22 verbose url resolved https://registry.npmjs.org/hotnode
23 verbose request where is https://registry.npmjs.org/hotnode
24 info trying registry request attempt 1 at 15:09:25
25 http GET https://registry.npmjs.org/hotnode
26 http 200 https://registry.npmjs.org/hotnode
27 silly registry.get cb [ 200,
27 silly registry.get   { server: 'CouchDB/1.5.0 (Erlang OTP/R16B03)',
27 silly registry.get     etag: '"DS7F59IXLRURH39K9QGBGRVY1"',
27 silly registry.get     'content-type': 'application/json',
27 silly registry.get     'cache-control': 'max-age=60',
27 silly registry.get     'content-length': '13729',
27 silly registry.get     'accept-ranges': 'bytes',
27 silly registry.get     date: 'Thu, 22 Oct 2015 09:39:27 GMT',
27 silly registry.get     via: '1.1 varnish',
27 silly registry.get     age: '0',
27 silly registry.get     connection: 'keep-alive',
27 silly registry.get     'x-served-by': 'cache-lax1433-LAX',
27 silly registry.get     'x-cache': 'MISS',
27 silly registry.get     'x-cache-hits': '0',
27 silly registry.get     'x-timer': 'S1445506766.955362,VS0,VE50',
27 silly registry.get     vary: 'Accept' } ]
28 silly addNameRange number 2 { name: 'hotnode', range: '*', hasData: true }
29 silly addNameRange versions [ 'hotnode',
29 silly addNameRange   [ '0.0.1',
29 silly addNameRange     '0.0.2',
29 silly addNameRange     '0.0.3',
29 silly addNameRange     '0.0.4',
29 silly addNameRange     '0.0.5',
29 silly addNameRange     '0.0.6',
29 silly addNameRange     '0.0.7',
29 silly addNameRange     '0.0.8' ] ]
30 verbose addNamed [ 'hotnode', '0.0.8' ]
31 verbose addNamed [ '0.0.8', '0.0.8' ]
32 silly lockFile 4b385a17-hotnode-0-0-8 hotnode@0.0.8
33 verbose lock hotnode@0.0.8 /home/ayush/.npm/4b385a17-hotnode-0-0-8.lock
34 silly lockFile f69777d0-js-org-hotnode-hotnode-0-0-8-tgz https://registry.npmjs.org/hotnode/-/hotnode-0.0.8.tgz
35 verbose lock https://registry.npmjs.org/hotnode/-/hotnode-0.0.8.tgz /home/ayush/.npm/f69777d0-js-org-hotnode-hotnode-0-0-8-tgz.lock
36 verbose addRemoteTarball [ 'https://registry.npmjs.org/hotnode/-/hotnode-0.0.8.tgz',
36 verbose addRemoteTarball   '3adaa63d5b252c26f12945c827d6125c60c80733' ]
37 info retry fetch attempt 1 at 15:09:27
38 verbose fetch to= /tmp/npm-9809-IM64guKp/registry.npmjs.org/hotnode/-/hotnode-0.0.8.tgz
39 http GET https://registry.npmjs.org/hotnode/-/hotnode-0.0.8.tgz
40 http 200 https://registry.npmjs.org/hotnode/-/hotnode-0.0.8.tgz
41 silly lockFile f69777d0-js-org-hotnode-hotnode-0-0-8-tgz https://registry.npmjs.org/hotnode/-/hotnode-0.0.8.tgz
42 silly lockFile f69777d0-js-org-hotnode-hotnode-0-0-8-tgz https://registry.npmjs.org/hotnode/-/hotnode-0.0.8.tgz
43 silly lockFile 4b385a17-hotnode-0-0-8 hotnode@0.0.8
44 silly lockFile 4b385a17-hotnode-0-0-8 hotnode@0.0.8
45 silly lockFile a54aeaa5-hotnode hotnode@
46 silly lockFile a54aeaa5-hotnode hotnode@
47 silly resolved [ { name: 'hotnode',
47 silly resolved     description: 'Hot code loading for node.js',
47 silly resolved     version: '0.0.8',
47 silly resolved     homepage: 'http://www.filshmedia.net',
47 silly resolved     author:
47 silly resolved      { name: 'Sascha Gehlich',
47 silly resolved        email: 'contact@filshmedia.net',
47 silly resolved        url: 'http://www.filshmedia.net' },
47 silly resolved     contributors: [ [Object], [Object] ],
47 silly resolved     repository: { type: 'git', url: 'http://github.com/saschagehlich/hotnode' },
47 silly resolved     bugs:
47 silly resolved      { mail: 'contact@filshmedia.net',
47 silly resolved        url: 'http://github.com/saschagehlich/hotnode/issues' },
47 silly resolved     dependencies: { watch: '0.5.0' },
47 silly resolved     directories: { javascript: './javascript' },
47 silly resolved     bin:
47 silly resolved      { hotnode: './javascript/hotnode.js',
47 silly resolved        hotcoffee: './javascript/hotcoffee.js' },
47 silly resolved     main: 'hotnode',
47 silly resolved     engines: { node: '>=0.2.2' },
47 silly resolved     scripts: null,
47 silly resolved     licenses: [ [Object] ],
47 silly resolved     preferGlobal: true,
47 silly resolved     readme: 'Hotnode\n=======\n\nHotnode is a package that allows you to automatically reload your code by just saving the source in your editor.\n\nFeature Overview\n-----------------\n\n* Automatically reloads your node.js code on file change\n* Watches .js files in the current directory and its subdirectories\n\nInstallation\n============\n\nThe following versions are required for Hotnode:\n\n* Node.js >= 0.2.2\n* npm >= 0.1.25\n\nTo see growl messages as soon as your node.js process has been restarted, you will need [http://growl.info/extras.php#growlnotify](growlnotify), a command-line based tool for growl.\n\nFor notifications on Ubuntu / Gnome, you need libnotify:\n\n    sudo apt-get install libnotify-bin\n\nInstall it simply via npm:\n\n    npm install hotnode\n\nInstructions\n============\n\nInstead of starting your app directly with\n    node app.js\nLaunch it with\n    hotnode app.js\n\n\nHotcoffee\n=========\n\nHotnode also includes an executable called `hotcoffee` which automatically runs the given file with the `coffee` command and watches all CoffeeScript files in the directory.\n\nLicense\n=======\n\nCopyright (c) 2010 [http://www.filshmedia.net](FILSH Media GmbH), released under the MIT license\n\n',
47 silly resolved     readmeFilename: 'README.md',
47 silly resolved     _id: 'hotnode@0.0.8',
47 silly resolved     dist:
47 silly resolved      { shasum: '3adaa63d5b252c26f12945c827d6125c60c80733',
47 silly resolved        tarball: 'http://registry.npmjs.org/hotnode/-/hotnode-0.0.8.tgz' },
47 silly resolved     _npmVersion: '1.1.65',
47 silly resolved     _npmUser: { name: 'saschagehlich', email: 'sascha@gehlich.us' },
47 silly resolved     maintainers: [ [Object] ],
47 silly resolved     _shasum: '3adaa63d5b252c26f12945c827d6125c60c80733',
47 silly resolved     _from: 'hotnode@',
47 silly resolved     _resolved: 'https://registry.npmjs.org/hotnode/-/hotnode-0.0.8.tgz' } ]
48 info install hotnode@0.0.8 into /usr/lib
49 info installOne hotnode@0.0.8
50 verbose lib/node_modules/hotnode unbuild
51 verbose tar unpack /home/ayush/.npm/hotnode/0.0.8/package.tgz
52 silly lockFile 89d2d954-tar-usr-lib-node-modules-hotnode tar:///usr/lib/node_modules/hotnode
53 verbose lock tar:///usr/lib/node_modules/hotnode /home/ayush/.npm/89d2d954-tar-usr-lib-node-modules-hotnode.lock
54 silly lockFile cf2c1bdd-sh-npm-hotnode-0-0-8-package-tgz tar:///home/ayush/.npm/hotnode/0.0.8/package.tgz
55 verbose lock tar:///home/ayush/.npm/hotnode/0.0.8/package.tgz /home/ayush/.npm/cf2c1bdd-sh-npm-hotnode-0-0-8-package-tgz.lock
56 silly gunzTarPerm modes [ '775', '664' ]
57 error Error: EACCES, mkdir '/usr/lib/node_modules/hotnode'
57 error  { [Error: EACCES, mkdir '/usr/lib/node_modules/hotnode']
57 error   errno: 3,
57 error   code: 'EACCES',
57 error   path: '/usr/lib/node_modules/hotnode',
57 error   fstream_type: 'Directory',
57 error   fstream_path: '/usr/lib/node_modules/hotnode',
57 error   fstream_class: 'DirWriter',
57 error   fstream_stack:
57 error    [ '/usr/lib/node_modules/npm/node_modules/fstream/lib/dir-writer.js:36:23',
57 error      '/usr/lib/node_modules/npm/node_modules/mkdirp/index.js:46:53',
57 error      'Object.oncomplete (fs.js:108:15)' ] }
58 error Please try running this command again as root/Administrator.
59 error System Linux 3.13.0-65-generic
60 error command "/usr/bin/node" "/usr/bin/npm" "install" "-g" "hotnode"
61 error cwd /home/ayush/nlp-srmse
62 error node -v v0.10.37
63 error npm -v 1.4.28
64 error path /usr/lib/node_modules/hotnode
65 error fstream_path /usr/lib/node_modules/hotnode
66 error fstream_type Directory
67 error fstream_class DirWriter
68 error code EACCES
69 error errno 3
70 error stack Error: EACCES, mkdir '/usr/lib/node_modules/hotnode'
71 error fstream_stack /usr/lib/node_modules/npm/node_modules/fstream/lib/dir-writer.js:36:23
71 error fstream_stack /usr/lib/node_modules/npm/node_modules/mkdirp/index.js:46:53
71 error fstream_stack Object.oncomplete (fs.js:108:15)
72 verbose exit [ 3, true ]
